============================================================
Prompt Thumbnail Generator
Using Kie.ai Seedream 4.5 API
============================================================

Output directory: /Users/kenkai/Documents/UnstableMind/content-cat/public/images/prompts
Total prompts to generate: 50

[1/50]

Generating: bw-side-profile
  Prompt: Hyper-realistic side profile portrait with strong rim lighti...

  Generating female reference image...
............
  Saved reference: ref-female.jpg
  Generating styled image with reference...
...............
  Saved: bw-side-profile.jpg

[2/50]

Generating: mirror-selfie-aesthetic
  Prompt: Generate an 8K photorealistic mirror selfie with high face c...
  Using cached female reference
  Generating styled image with reference...
............
  Saved: mirror-selfie-aesthetic.jpg

[3/50]

Generating: 35mm-portrait
  Prompt: Generate a top-angle and close-up black and white portrait, ...

  Generating male reference image...
..........
  Saved reference: ref-male.jpg
  Generating styled image with reference...
.....................
  Saved: 35mm-portrait.jpg

[4/50]

Generating: corporate-editorial
  Prompt: Ultra-realistic, 8K corporate high-fashion editorial portrai...
  Using cached male reference
  Generating styled image with reference...
..........
  Saved: corporate-editorial.jpg

[5/50]

Generating: dramatic-bw-portrait
  Prompt: A dramatic black-and-white portrait with short styled hair. ...
  Using cached male reference
  Generating styled image with reference...
..........
  Saved: dramatic-bw-portrait.jpg

[6/50]

Generating: soft-grunge-cat
  Prompt: Close-up selfie portrait in soft grunge, e-girl aesthetic, h...
  Using cached female reference
  Generating styled image with reference...
...............
  Saved: soft-grunge-cat.jpg

[7/50]

Generating: ig-baddie-mirror
  Prompt: Hyper-realistic, 8K 'IG Baddie' style mirror selfie. Bathroo...
  Using cached female reference
  Generating styled image with reference...
................
  Saved: ig-baddie-mirror.jpg

[8/50]

Generating: cinematic-light
  Prompt: Hyper-realistic cinematic 8k photorealistic image. A close-u...
  Using cached female reference
  Generating styled image with reference...
.............
  Saved: cinematic-light.jpg

[9/50]

Generating: window-light
  Prompt: Realistic image with arms raised behind the head in a confid...
  Using cached female reference
  Generating styled image with reference...
.............
  Saved: window-light.jpg

[10/50]

Generating: marble-bust
  Prompt: Person in sheer embroidered ancient dress leaning head again...
  Using cached female reference
  Generating styled image with reference...
........
  Saved: marble-bust.jpg

[11/50]

Generating: balcony-portrait
  Prompt: 8K ultra-realistic, cinematic outdoor portrait on old concre...
  Using cached female reference
  Generating styled image with reference...
...........
  Saved: balcony-portrait.jpg

[12/50]

Generating: rembrandt-lighting
  Prompt: Intimate, intense portrait with Rembrandt lighting. Vulnerab...
  Using cached female reference
  Generating styled image with reference...
...........
  Saved: rembrandt-lighting.jpg

[13/50]

Generating: luxury-restaurant
  Prompt: 8K high-night-contrast portrait posing in dimly lit luxuriou...
  Using cached female reference
  Generating styled image with reference...
............
  Saved: luxury-restaurant.jpg

[14/50]

Generating: gq-editorial
  Prompt: Bold dramatic GQ-style editorial portrait with intense direc...
  Using cached male reference
  Generating styled image with reference...
........
  Saved: gq-editorial.jpg

[15/50]

Generating: 3d-pastel-avatar
  Prompt: Highly polished 3D character portrait in soft pastel toy-lik...
  Using cached female reference
  Generating styled image with reference...
...................
  Saved: 3d-pastel-avatar.jpg

[16/50]

Generating: caricature-portrait
  Prompt: Hyperrealistic caricature style portrait with soft studio li...
  Using cached male reference
  Generating styled image with reference...
...................
  Saved: caricature-portrait.jpg

[17/50]

Generating: chibi-avatar
  Prompt: Q-version chibi doll with cute miniature proportions, oversi...
  Using cached female reference
  Generating styled image with reference...
..........
  Saved: chibi-avatar.jpg

[18/50]

Generating: 2005-digicam
  Prompt: Low-resolution digital photo aesthetic from 2005. Harsh on-c...
  Using cached female reference
  Generating styled image with reference...
...................
  Saved: 2005-digicam.jpg

[19/50]

Generating: y2k-arcade
  Prompt: Y2K grunge cool girl aesthetic portrait selfie in arcade. St...
  Using cached female reference
  Generating styled image with reference...
...........
  Saved: y2k-arcade.jpg

[20/50]

Generating: tumblr-2013
  Prompt: 2013 Tumblr bedroom aesthetic. Messy teen bedroom floor with...
  Using cached female reference
  Generating styled image with reference...
...................
  Saved: tumblr-2013.jpg

[21/50]

Generating: polaroid-moment
  Prompt: Photo taken with a Polaroid camera. Slight blur and consiste...
  Using cached female reference
  Generating styled image with reference...
.........................
  Saved: polaroid-moment.jpg

[22/50]

Generating: underwater-macro
  Prompt: Hyper-realistic ultra-detailed close-up portrait showing hal...
  Using cached female reference
  Generating styled image with reference...
..  Error: Task failed: Internal Error, Please try again later.

[23/50]

Generating: ethereal-sunlight
  Prompt: Ethereal lighting with diffused sunbeams striking skin, crea...
  Using cached female reference
  Generating styled image with reference...
.........
  Saved: ethereal-sunlight.jpg

[24/50]

Generating: cinematic-upgrade
  Prompt: Dreamy cinematic golden backlight, subtle atmospheric haze, ...
  Using cached female reference
  Generating styled image with reference...
..................
  Saved: cinematic-upgrade.jpg

[25/50]

Generating: product-mirror-selfie
  Prompt: Hyper-realistic mirror selfie of a person holding a skincare...

  Generating product reference image...
..................
  Saved reference: ref-product.jpg
  Generating styled image with reference...
............
  Saved: product-mirror-selfie.jpg

[26/50]

Generating: amazon-packshot
  Prompt: Ultra-realistic studio photograph of a sleek cosmetic bottle...
  Generating direct...
............
  Saved: amazon-packshot.jpg

[27/50]

Generating: footwear-packshot
  Prompt: Photorealistic packshot of a single modern sneaker at 3/4 an...
  Generating direct...
.....
  Saved: footwear-packshot.jpg

[28/50]

Generating: apparel-flatlay
  Prompt: Realistic flat-lay of a neatly folded premium t-shirt on pur...
  Generating direct...
......
  Saved: apparel-flatlay.jpg

[29/50]

Generating: beauty-bottle
  Prompt: Studio packshot of a beauty product serum bottle with droppe...
  Generating direct...
............
  Saved: beauty-bottle.jpg

[30/50]

Generating: skincare-jar
  Prompt: Photorealistic packshot of a luxury skincare cream jar on wh...
  Generating direct...
...........
  Saved: skincare-jar.jpg

[31/50]

Generating: retail-box
  Prompt: Front-facing elegant product box on pure white background, h...
  Generating direct...
................
  Saved: retail-box.jpg

[32/50]

Generating: ceramic-mug
  Prompt: Photorealistic ceramic coffee mug on white seamless, clean r...
  Generating direct...
..............
  Saved: ceramic-mug.jpg

[33/50]

Generating: backpack-packshot
  Prompt: Realistic studio photo of a modern backpack standing upright...
  Generating direct...
.  Error: Task failed: Internal Error, Please try again later.

[34/50]

Generating: steel-bottle
  Prompt: Packshot of a brushed stainless steel water bottle on pure w...
  Generating direct...
..............
  Saved: steel-bottle.jpg

[35/50]

Generating: toy-figurine
  Prompt: Photorealistic single anime figurine on white seamless, high...
  Generating direct...
............
  Saved: toy-figurine.jpg

[36/50]

Generating: headphones-desk
  Prompt: Realistic lifestyle image: premium wireless headphones resti...
  Generating direct...
..............
  Saved: headphones-desk.jpg

[37/50]

Generating: shoe-pavement
  Prompt: Photoreal sneaker placed on sunlit pavement with soft direct...
  Generating direct...
...................
  Saved: shoe-pavement.jpg

[38/50]

Generating: skincare-bathroom
  Prompt: Realistic scene: beauty serum bottle on matte bathroom tile,...
  Generating direct...
.....
  Saved: skincare-bathroom.jpg

[39/50]

Generating: coffee-mug-kitchen
  Prompt: Lifestyle: ceramic mug on light wood countertop, soft mornin...
  Generating direct...
........
  Saved: coffee-mug-kitchen.jpg

[40/50]

Generating: backpack-hook
  Prompt: Realistic scene: modern backpack hanging on wall hook, soft ...
  Generating direct...
..........
  Saved: backpack-hook.jpg

[41/50]

Generating: knife-cutting-board
  Prompt: Photoreal close scene: chef knife on wooden cutting board wi...
  Generating direct...
..............
  Saved: knife-cutting-board.jpg

[42/50]

Generating: yoga-mat-studio
  Prompt: Lifestyle: rolled yoga mat on studio floor, soft side lighti...
  Generating direct...
..........
  Saved: yoga-mat-studio.jpg

[43/50]

Generating: watch-wrist
  Prompt: Close realistic shot of a luxury watch on wrist, neutral ski...
  Generating direct...
.......
  Saved: watch-wrist.jpg

[44/50]

Generating: sunglasses-towel
  Prompt: Photoreal scene: designer sunglasses on textured beach towel...
  Generating direct...
.........................
  Saved: sunglasses-towel.jpg

[45/50]

Generating: bottle-fridge
  Prompt: Realistic image: water bottle standing in fridge door shelf,...
  Generating direct...
.............
  Saved: bottle-fridge.jpg

[46/50]

Generating: jewelry-diffusion
  Prompt: Photoreal jewelry packshot of diamond ring on pure white sea...
  Generating direct...
.  Error: Task failed: Internal Error, Please try again later.

[47/50]

Generating: glass-bottle-backlit
  Prompt: Ultra-realistic glass perfume bottle on white seamless with ...
  Generating direct...
...........
  Saved: glass-bottle-backlit.jpg

[48/50]

Generating: textile-macro
  Prompt: Macro shot of premium fabric swatch on white background, sof...
  Generating direct...
............
  Saved: textile-macro.jpg

[49/50]

Generating: white-on-white
  Prompt: Photoreal white AirPods case on pure white background, high-...
  Generating direct...
............
  Saved: white-on-white.jpg

[50/50]

Generating: cosmetics-swatches
  Prompt: Realistic cosmetics lipstick swatches on white card, soft di...
  Generating direct...
.................
  Saved: cosmetics-swatches.jpg

============================================================
GENERATION COMPLETE
============================================================

Successful: 47/50

Failed prompts:
  - underwater-macro: Task failed: Internal Error, Please try again later.
  - backpack-packshot: Task failed: Internal Error, Please try again later.
  - jewelry-diffusion: Task failed: Internal Error, Please try again later.

Log saved to: /Users/kenkai/Documents/UnstableMind/content-cat/public/images/prompts/generation-log.json

============================================================
UPDATE prompts.ts images:
============================================================

Replace image paths with: "/images/prompts/{id}.jpg"
  bw-side-profile: "/images/prompts/bw-side-profile.jpg"
  mirror-selfie-aesthetic: "/images/prompts/mirror-selfie-aesthetic.jpg"
  35mm-portrait: "/images/prompts/35mm-portrait.jpg"
  corporate-editorial: "/images/prompts/corporate-editorial.jpg"
  dramatic-bw-portrait: "/images/prompts/dramatic-bw-portrait.jpg"
  soft-grunge-cat: "/images/prompts/soft-grunge-cat.jpg"
  ig-baddie-mirror: "/images/prompts/ig-baddie-mirror.jpg"
  cinematic-light: "/images/prompts/cinematic-light.jpg"
  window-light: "/images/prompts/window-light.jpg"
  marble-bust: "/images/prompts/marble-bust.jpg"
  balcony-portrait: "/images/prompts/balcony-portrait.jpg"
  rembrandt-lighting: "/images/prompts/rembrandt-lighting.jpg"
  luxury-restaurant: "/images/prompts/luxury-restaurant.jpg"
  gq-editorial: "/images/prompts/gq-editorial.jpg"
  3d-pastel-avatar: "/images/prompts/3d-pastel-avatar.jpg"
  caricature-portrait: "/images/prompts/caricature-portrait.jpg"
  chibi-avatar: "/images/prompts/chibi-avatar.jpg"
  2005-digicam: "/images/prompts/2005-digicam.jpg"
  y2k-arcade: "/images/prompts/y2k-arcade.jpg"
  tumblr-2013: "/images/prompts/tumblr-2013.jpg"
  polaroid-moment: "/images/prompts/polaroid-moment.jpg"
  ethereal-sunlight: "/images/prompts/ethereal-sunlight.jpg"
  cinematic-upgrade: "/images/prompts/cinematic-upgrade.jpg"
  product-mirror-selfie: "/images/prompts/product-mirror-selfie.jpg"
  amazon-packshot: "/images/prompts/amazon-packshot.jpg"
  footwear-packshot: "/images/prompts/footwear-packshot.jpg"
  apparel-flatlay: "/images/prompts/apparel-flatlay.jpg"
  beauty-bottle: "/images/prompts/beauty-bottle.jpg"
  skincare-jar: "/images/prompts/skincare-jar.jpg"
  retail-box: "/images/prompts/retail-box.jpg"
  ceramic-mug: "/images/prompts/ceramic-mug.jpg"
  steel-bottle: "/images/prompts/steel-bottle.jpg"
  toy-figurine: "/images/prompts/toy-figurine.jpg"
  headphones-desk: "/images/prompts/headphones-desk.jpg"
  shoe-pavement: "/images/prompts/shoe-pavement.jpg"
  skincare-bathroom: "/images/prompts/skincare-bathroom.jpg"
  coffee-mug-kitchen: "/images/prompts/coffee-mug-kitchen.jpg"
  backpack-hook: "/images/prompts/backpack-hook.jpg"
  knife-cutting-board: "/images/prompts/knife-cutting-board.jpg"
  yoga-mat-studio: "/images/prompts/yoga-mat-studio.jpg"
  watch-wrist: "/images/prompts/watch-wrist.jpg"
  sunglasses-towel: "/images/prompts/sunglasses-towel.jpg"
  bottle-fridge: "/images/prompts/bottle-fridge.jpg"
  glass-bottle-backlit: "/images/prompts/glass-bottle-backlit.jpg"
  textile-macro: "/images/prompts/textile-macro.jpg"
  white-on-white: "/images/prompts/white-on-white.jpg"
  cosmetics-swatches: "/images/prompts/cosmetics-swatches.jpg"
